<?xml version="1.0" encoding="utf-8"?><testsuites><testsuite name="pytest" errors="0" failures="0" skipped="0" tests="12" time="21.313" timestamp="2025-05-23T21:53:54.253518+09:00" hostname="localhost"><testcase classname="tests.test_anomalies.TestAnomalies" name="test_backup_history" time="0.006" /><testcase classname="tests.test_anomalies.TestAnomalies" name="test_check_metric_anomalies" time="0.002" /><testcase classname="tests.test_anomalies.TestAnomalies" name="test_detect_por_null" time="0.001" /><testcase classname="tests.test_examples" name="test_import_example_modules" time="0.844" /><testcase classname="tests.test_examples" name="test_scripts_run" time="8.018" /><testcase classname="tests.test_examples" name="test_run_cycle_generates_csv" time="8.894" /><testcase classname="tests.test_grv_gain.TestGrvGain" name="test_gain_returns_float" time="0.003" /><testcase classname="tests.test_metrics.TestMetrics" name="test_delta_e_range" time="0.275" /><testcase classname="tests.test_metrics.TestMetrics" name="test_duplicate_detection" time="0.001" /><testcase classname="tests.test_metrics.TestMetrics" name="test_novelty_empty_history" time="0.001" /><testcase classname="tests.test_metrics.TestMetrics" name="test_novelty_similarity_penalty" time="0.001" /><testcase classname="tests.test_smoke" name="test_imports" time="0.001" /></testsuite></testsuites>